<?xml version="1.0" encoding="UTF-8"?>
<!-- Generated by org.testng.reporters.JUnitReportReporter -->
<testsuite hostname="HimPC" name="restWork.RealRest" tests="1" failures="0" timestamp="12 Oct 2018 20:46:10 GMT" time="3.015" errors="0">
  <testcase name="Web_2234" time="3.015" classname="restWork.RealRest"/>
</testsuite> <!-- restWork.RealRest -->
